0 info it worked if it ends with ok
1 verbose cli [ '/usr/bin/nodejs', '/usr/bin/npm', 'run', 'sass-watch' ]
2 info using npm@3.5.2
3 info using node@v4.2.6
4 verbose run-script [ 'presass-watch', 'sass-watch', 'postsass-watch' ]
5 info lifecycle MyRestaurant@1.0.0~presass-watch: MyRestaurant@1.0.0
6 silly lifecycle MyRestaurant@1.0.0~presass-watch: no script for presass-watch, continuing
7 info lifecycle MyRestaurant@1.0.0~sass-watch: MyRestaurant@1.0.0
8 verbose lifecycle MyRestaurant@1.0.0~sass-watch: unsafe-perm in lifecycle true
9 verbose lifecycle MyRestaurant@1.0.0~sass-watch: PATH: /usr/share/npm/bin/node-gyp-bin:/home/samos/FullStack/html/samis-place/node_modules/.bin:/home/samos/bin:/home/samos/.local/bin:/usr/local/sbin:/usr/local/bin:/usr/sbin:/usr/bin:/sbin:/bin:/usr/games:/usr/local/games:/snap/bin
10 verbose lifecycle MyRestaurant@1.0.0~sass-watch: CWD: /home/samos/FullStack/html/samis-place
11 silly lifecycle MyRestaurant@1.0.0~sass-watch: Args: [ '-c', 'node-sass -w scss -o css --output-style expanded' ]
12 info lifecycle MyRestaurant@1.0.0~sass-watch: Failed to exec sass-watch script
13 verbose stack Error: MyRestaurant@1.0.0 sass-watch: `node-sass -w scss -o css --output-style expanded`
13 verbose stack spawn ENOENT
13 verbose stack     at ChildProcess.<anonymous> (/usr/share/npm/lib/utils/spawn.js:17:16)
13 verbose stack     at emitTwo (events.js:87:13)
13 verbose stack     at ChildProcess.emit (events.js:172:7)
13 verbose stack     at maybeClose (internal/child_process.js:821:16)
13 verbose stack     at Process.ChildProcess._handle.onexit (internal/child_process.js:211:5)
14 verbose pkgid MyRestaurant@1.0.0
15 verbose cwd /home/samos/FullStack/html/samis-place
16 error Linux 4.13.0-43-generic
17 error argv "/usr/bin/nodejs" "/usr/bin/npm" "run" "sass-watch"
18 error node v4.2.6
19 error npm  v3.5.2
20 error file sh
21 error code ELIFECYCLE
22 error errno ENOENT
23 error syscall spawn
24 error MyRestaurant@1.0.0 sass-watch: `node-sass -w scss -o css --output-style expanded`
24 error spawn ENOENT
25 error Failed at the MyRestaurant@1.0.0 sass-watch script 'node-sass -w scss -o css --output-style expanded'.
25 error Make sure you have the latest version of node.js and npm installed.
25 error If you do, this is most likely a problem with the MyRestaurant package,
25 error not with npm itself.
25 error Tell the author that this fails on your system:
25 error     node-sass -w scss -o css --output-style expanded
25 error You can get information on how to open an issue for this project with:
25 error     npm bugs MyRestaurant
25 error Or if that isn't available, you can get their info via:
25 error     npm owner ls MyRestaurant
25 error There is likely additional logging output above.
26 verbose exit [ 1, true ]
